<?xml version="1.0" encoding="UTF-8"?>
<testng-results skipped="0" failed="0" ignored="0" total="1" passed="1">
  <reporter-output>
  </reporter-output>
  <suite name="Parallel test suite" duration-ms="38593" started-at="2021-10-13T11:51:36 IST" finished-at="2021-10-13T11:52:15 IST">
    <groups>
    </groups>
    <test name="Firefox Test" duration-ms="38593" started-at="2021-10-13T11:51:36 IST" finished-at="2021-10-13T11:52:15 IST">
      <class name="com.selenium.exmaples.DrillDay">
        <test-method status="PASS" signature="yamuna()[pri:0, instance:com.selenium.exmaples.DrillDay@17d677df]" name="yamuna" duration-ms="38541" started-at="2021-10-13T11:51:36 IST" finished-at="2021-10-13T11:52:15 IST">
          <reporter-output>
          </reporter-output>
        </test-method> <!-- yamuna -->
      </class> <!-- com.selenium.exmaples.DrillDay -->
    </test> <!-- Firefox Test -->
  </suite> <!-- Parallel test suite -->
</testng-results>
